<?xml version="1.0" encoding="utf-8"?><testsuites name="pytest tests"><testsuite name="pytest" errors="0" failures="0" skipped="0" tests="16" time="3.068" timestamp="2026-08-30T00:27:31.042015+00:00" hostname="agent-env-7feb07a2-5eee-4acf-b934-d2b76f5eb40e"><testcase classname="tests.test_travel_plans_and_matching.TestPublicProfileAndReviews" name="test_public_user_and_reviews_endpoints" time="0.422" /><testcase classname="tests.test_travel_plans_and_matching.TestTravelPlansAndInbox" name="test_00_setup" time="0.849" /><testcase classname="tests.test_travel_plans_and_matching.TestPublicProfileAndReviews" name="test_public_user_404" time="0.112" /><testcase classname="tests.test_travel_plans_and_matching.TestPastDeliveryAvailability" name="test_00_full_flow_completes_and_past_reflects" time="2.058" /><testcase classname="tests.test_travel_plans_and_matching.TestTravelPlansAndInbox" name="test_01_create_request_with_cities" time="0.127" /><testcase classname="tests.test_travel_plans_and_matching.TestTravelPlansAndInbox" name="test_02_get_request_shows_cities" time="0.184" /><testcase classname="tests.test_travel_plans_and_matching.TestTravelPlansAndInbox" name="test_03_traveler_plan_returns_matchCount" time="0.115" /><testcase classname="tests.test_travel_plans_and_matching.TestTravelPlansAndInbox" name="test_04_buyer_creates_own_plan_excludes_own_requests" time="0.114" /><testcase classname="tests.test_travel_plans_and_matching.TestTravelPlansAndInbox" name="test_05_my_travel_plans_lists_active_with_matchcount" time="0.158" /><testcase classname="tests.test_travel_plans_and_matching.TestTravelPlansAndInbox" name="test_06_plan_matches_endpoint" time="0.130" /><testcase classname="tests.test_travel_plans_and_matching.TestTravelPlansAndInbox" name="test_07_plan_matches_403_for_other_user" time="0.102" /><testcase classname="tests.test_travel_plans_and_matching.TestTravelPlansAndInbox" name="test_08_inbox_contains_request_with_matched_route" time="0.141" /><testcase classname="tests.test_travel_plans_and_matching.TestTravelPlansAndInbox" name="test_09_availability_excludes_requesting_user" time="0.233" /><testcase classname="tests.test_travel_plans_and_matching.TestTravelPlansAndInbox" name="test_10_request_availability_excludes_buyer" time="0.124" /><testcase classname="tests.test_travel_plans_and_matching.TestTravelPlansAndInbox" name="test_11_cancel_plan_owner_only" time="0.123" /><testcase classname="tests.test_travel_plans_and_matching.TestTravelPlansAndInbox" name="test_12_cancel_plan_removes_from_mine_and_inbox" time="0.328" /></testsuite></testsuites>