<?xml version="1.0" encoding="utf-8"?><testsuites name="pytest tests"><testsuite name="pytest" errors="0" failures="0" skipped="0" tests="17" time="3.607" timestamp="2026-08-30T00:51:38.324216+00:00" hostname="agent-env-7feb07a2-5eee-4acf-b934-d2b76f5eb40e"><testcase classname="tests.test_iteration3_features.TestHandoffSpot" name="test_00_setup" time="0.874" /><testcase classname="tests.test_iteration3_features.TestRouteAlerts" name="test_00_setup_and_alert_created" time="1.106" /><testcase classname="tests.test_iteration3_features.TestHandoffSpot" name="test_01_stranger_forbidden" time="0.165" /><testcase classname="tests.test_iteration3_features.TestHandoffSpot" name="test_02_buyer_can_set_spot" time="0.118" /><testcase classname="tests.test_iteration3_features.TestRouteAlerts" name="test_01_list_notifications" time="0.112" /><testcase classname="tests.test_iteration3_features.TestHandoffSpot" name="test_03_traveler_can_overwrite" time="0.150" /><testcase classname="tests.test_iteration3_features.TestRouteAlerts" name="test_02_read_all_marks_read" time="0.289" /><testcase classname="tests.test_iteration3_features.TestHandoffSpot" name="test_04_get_order_returns_spot" time="0.110" /><testcase classname="tests.test_iteration3_features.TestAcceptedTerms" name="test_login_without_terms_flag_false" time="0.263" /><testcase classname="tests.test_iteration3_features.TestRouteAlerts" name="test_03_no_self_alert" time="0.567" /><testcase classname="tests.test_iteration3_features.TestAcceptedTerms" name="test_login_with_terms_flag_true" time="0.225" /><testcase classname="tests.test_iteration3_features.TestAcceptedTerms" name="test_relogin_upgrades_terms" time="0.233" /><testcase classname="tests.test_iteration3_features.TestTopTraveller" name="test_seeded_demos_are_top_traveller" time="0.257" /><testcase classname="tests.test_iteration3_features.TestRequestDeadline" name="test_deadline_stored_and_returned" time="0.348" /><testcase classname="tests.test_iteration3_features.TestTopTraveller" name="test_new_user_is_not_top_traveller" time="0.176" /><testcase classname="tests.test_iteration3_features.TestRequestDeadline" name="test_deadline_optional" time="0.262" /><testcase classname="tests.test_iteration3_features.TestInboxAggregation" name="test_inbox_carries_matchedPlanId_and_route_and_dedupes" time="0.761" /></testsuite></testsuites>