<?xml version="1.0" encoding="utf-8"?><testsuites name="pytest tests"><testsuite name="pytest" errors="0" failures="0" skipped="0" tests="35" time="5.534" timestamp="2026-08-29T23:29:31.144420+00:00" hostname="agent-env-7feb07a2-5eee-4acf-b934-d2b76f5eb40e"><testcase classname="tests.test_trustmule_backend.TestAuthAndChain" name="test_login_creates_user_and_wallet" time="0.264" /><testcase classname="tests.test_trustmule_backend.TestFullEscrowFlow" name="test_00_setup_accounts" time="0.496" /><testcase classname="tests.test_trustmule_backend.TestAuthAndChain" name="test_login_idempotent_same_email" time="0.276" /><testcase classname="tests.test_trustmule_backend.TestFullEscrowFlow" name="test_01_deposit_faucet" time="0.236" /><testcase classname="tests.test_trustmule_backend.TestAuthAndChain" name="test_me_requires_auth" time="0.122" /><testcase classname="tests.test_trustmule_backend.TestAuthAndChain" name="test_me_returns_user" time="0.251" /><testcase classname="tests.test_trustmule_backend.TestFullEscrowFlow" name="test_02_create_request" time="0.122" /><testcase classname="tests.test_trustmule_backend.TestFullEscrowFlow" name="test_03_mine_and_detail" time="0.284" /><testcase classname="tests.test_trustmule_backend.TestAuthAndChain" name="test_patch_profile" time="0.253" /><testcase classname="tests.test_trustmule_backend.TestFullEscrowFlow" name="test_04_buyer_cannot_accept_own" time="0.101" /><testcase classname="tests.test_trustmule_backend.TestAuthAndChain" name="test_kyc" time="0.253" /><testcase classname="tests.test_trustmule_backend.TestFullEscrowFlow" name="test_05_traveler_accepts" time="0.133" /><testcase classname="tests.test_trustmule_backend.TestFullEscrowFlow" name="test_06_buyer_accepts_offer" time="0.154" /><testcase classname="tests.test_trustmule_backend.TestAuthAndChain" name="test_chain_config" time="0.167" /><testcase classname="tests.test_trustmule_backend.TestFullEscrowFlow" name="test_07_only_traveler_can_stake" time="0.112" /><testcase classname="tests.test_trustmule_backend.TestRequestsCatalog" name="test_seeded" time="0.106" /><testcase classname="tests.test_trustmule_backend.TestFullEscrowFlow" name="test_08_traveler_stakes" time="0.369" /><testcase classname="tests.test_trustmule_backend.TestRequestsCatalog" name="test_category_filter" time="0.112" /><testcase classname="tests.test_trustmule_backend.TestRequestsCatalog" name="test_search_q" time="0.134" /><testcase classname="tests.test_trustmule_backend.TestDisputeAndCancel" name="test_00_setup" time="0.447" /><testcase classname="tests.test_trustmule_backend.TestFullEscrowFlow" name="test_09_only_buyer_can_fund" time="0.127" /><testcase classname="tests.test_trustmule_backend.TestFullEscrowFlow" name="test_10_buyer_funds" time="0.380" /><testcase classname="tests.test_trustmule_backend.TestDisputeAndCancel" name="test_01_dispute_flow" time="0.682" /><testcase classname="tests.test_trustmule_backend.TestFullEscrowFlow" name="test_11_traveler_purchased" time="0.133" /><testcase classname="tests.test_trustmule_backend.TestFullEscrowFlow" name="test_12_transit" time="0.117" /><testcase classname="tests.test_trustmule_backend.TestFullEscrowFlow" name="test_13_arrived" time="0.112" /><testcase classname="tests.test_trustmule_backend.TestFullEscrowFlow" name="test_14_qr_only_buyer" time="0.126" /><testcase classname="tests.test_trustmule_backend.TestFullEscrowFlow" name="test_15_buyer_generates_qr" time="0.154" /><testcase classname="tests.test_trustmule_backend.TestDisputeAndCancel" name="test_02_cancel_after_funded_refunds" time="1.408" /><testcase classname="tests.test_trustmule_backend.TestFullEscrowFlow" name="test_16_complete_bad_code" time="0.122" /><testcase classname="tests.test_trustmule_backend.TestFullEscrowFlow" name="test_17_complete_releases_funds" time="0.600" /><testcase classname="tests.test_trustmule_backend.TestFullEscrowFlow" name="test_18_review_updates_reputation" time="0.516" /><testcase classname="tests.test_trustmule_backend.TestFullEscrowFlow" name="test_19_chat_participants_only" time="0.502" /><testcase classname="tests.test_trustmule_backend.TestUpload" name="test_upload_and_serve" time="0.668" /><testcase classname="tests.test_trustmule_backend.TestFullEscrowFlow" name="test_20_stranger_cannot_view_order" time="0.147" /></testsuite></testsuites>